<?xml version="1.0" encoding="UTF-8"?>
<!-- Generated by org.testng.reporters.JUnitReportReporter -->
<testsuite hostname="MAHESH-PC" failures="0" tests="4" name="paralleltesting.class4" time="0.026" errors="0" timestamp="2022-10-31T19:37:31 IST" skipped="0">
  <testcase classname="paralleltesting.class4" name="tc04" time="0.011"/>
  <system-out/>
  <testcase classname="paralleltesting.class4" name="tc01" time="0.003"/>
  <system-out/>
  <testcase classname="paralleltesting.class4" name="tc02" time="0.006"/>
  <system-out/>
  <testcase classname="paralleltesting.class4" name="tc03" time="0.006"/>
  <system-out/>
</testsuite> <!-- paralleltesting.class4 -->
