<?xml version="1.0" encoding="UTF-8"?>
<!-- Generated by org.testng.reporters.JUnitReportReporter -->
<testsuite hostname="MAHESH-PC" failures="0" tests="1" name="testNg.testclass1" time="0.002" errors="0" timestamp="2022-10-28T18:51:26 IST" skipped="0">
  <testcase classname="testNg.testclass1" name="tc03" time="0.002"/>
  <system-out/>
</testsuite> <!-- testNg.testclass1 -->
