<?xml version="1.0" encoding="UTF-8"?>
<!-- Generated by org.testng.reporters.JUnitReportReporter -->
<testsuite hostname="MAHESH-PC" failures="0" tests="1" name="testNg.testclass2" time="0.024" errors="0" timestamp="2022-10-31T17:06:43 IST" skipped="0">
  <testcase classname="testNg.testclass2" name="tc03" time="0.024"/>
  <system-out/>
</testsuite> <!-- testNg.testclass2 -->
