<?xml version="1.0" encoding="UTF-8"?>
<!-- Generated by org.testng.reporters.JUnitReportReporter -->
<testsuite hostname="MAHESH-PC" failures="0" tests="3" name="paralleltesting.class1" time="0.006" errors="0" timestamp="2022-10-31T19:37:31 IST" skipped="0">
  <testcase classname="paralleltesting.class1" name="tc03" time="0.002"/>
  <system-out/>
  <testcase classname="paralleltesting.class1" name="tc02" time="0.002"/>
  <system-out/>
  <testcase classname="paralleltesting.class1" name="tc01" time="0.002"/>
  <system-out/>
</testsuite> <!-- paralleltesting.class1 -->
