<?xml version="1.0" encoding="UTF-8"?>
<!-- Generated by org.testng.reporters.JUnitReportReporter -->
<testsuite hostname="MAHESH-PC" failures="0" tests="1" name="assertion.assertclass" time="0.016" errors="0" timestamp="2022-11-01T18:28:57 IST" skipped="0">
  <testcase classname="assertion.assertclass" name="test1" time="0.016"/>
  <system-out/>
</testsuite> <!-- assertion.assertclass -->
