<?xml version="1.0" encoding="UTF-8"?>
<!-- Generated by org.testng.reporters.JUnitReportReporter -->
<testsuite hostname="MAHESH-PC" failures="0" tests="8" name="testNg.keyword2" time="0.042" errors="0" timestamp="2022-10-21T16:53:33 IST" skipped="1">
  <testcase classname="testNg.keyword2" name="tc01" time="0.013"/>
  <system-out/>
  <testcase classname="testNg.keyword2" name="tc04" time="0.003"/>
  <system-out/>
  <testcase classname="testNg.keyword2" name="tc05" time="0.005"/>
  <system-out/>
  <testcase classname="testNg.keyword2" name="tc05" time="0.011"/>
  <system-out/>
  <testcase classname="testNg.keyword2" name="tc05" time="0.003"/>
  <system-out/>
  <testcase classname="testNg.keyword2" name="tc02" time="0.004"/>
  <system-out/>
  <testcase classname="testNg.keyword2" name="tc06" time="0.003"/>
  <system-out/>
  <testcase classname="testNg.keyword2" name="tc03">
    <skipped/>
  </testcase> <!-- tc03 -->
  <system-out/>
</testsuite> <!-- testNg.keyword2 -->
