<?xml version="1.0" encoding="UTF-8"?>
<!-- Generated by org.testng.reporters.JUnitReportReporter -->
<testsuite hostname="MAHESH-PC" failures="0" tests="2" name="testNg.class2$class1" time="0.010" errors="0" timestamp="2022-10-21T17:23:22 IST" skipped="0">
  <testcase classname="testNg.class2$class1" name="tc01" time="0.005"/>
  <system-out/>
  <testcase classname="testNg.class2$class1" name="tc02" time="0.005"/>
  <system-out/>
</testsuite> <!-- testNg.class2$class1 -->
