<?xml version="1.0" encoding="UTF-8"?>
<!-- Generated by org.testng.reporters.JUnitReportReporter -->
<testsuite hostname="MAHESH-PC" failures="0" tests="2" name="testNg.class1" time="0.013" errors="0" timestamp="2022-11-07T18:27:23 IST" skipped="0">
  <testcase classname="testNg.class1" name="tc02" time="0.003"/>
  <system-out/>
  <testcase classname="testNg.class1" name="tc01" time="0.010"/>
  <system-out/>
</testsuite> <!-- testNg.class1 -->
