<?xml version="1.0" encoding="UTF-8"?>
<!-- Generated by org.testng.reporters.JUnitReportReporter -->
<testsuite hostname="MAHESH-PC" failures="0" tests="4" name="testNg.keywords" time="0.032" errors="0" timestamp="2022-10-21T16:53:33 IST" skipped="0">
  <testcase classname="testNg.keywords" name="tc03" time="0.018"/>
  <system-out/>
  <testcase classname="testNg.keywords" name="tc01" time="0.003"/>
  <system-out/>
  <testcase classname="testNg.keywords" name="tc02" time="0.001"/>
  <system-out/>
  <testcase classname="testNg.keywords" name="tc04" time="0.010"/>
  <system-out/>
</testsuite> <!-- testNg.keywords -->
