<?xml version="1.0" encoding="UTF-8"?>
<!-- Generated by org.testng.reporters.JUnitReportReporter -->
<testsuite hostname="MAHESH-PC" failures="0" tests="3" name="paralleltesting.class2" time="0.023" errors="0" timestamp="2022-10-31T19:37:31 IST" skipped="0">
  <testcase classname="paralleltesting.class2" name="tc03" time="0.001"/>
  <system-out/>
  <testcase classname="paralleltesting.class2" name="tc01" time="0.016"/>
  <system-out/>
  <testcase classname="paralleltesting.class2" name="tc02" time="0.006"/>
  <system-out/>
</testsuite> <!-- paralleltesting.class2 -->
