<?xml version="1.0" encoding="UTF-8"?>
<!-- Generated by org.testng.reporters.JUnitReportReporter -->
<testsuite hostname="MAHESH-PC" failures="0" tests="1" name="testNg.annotations" time="0.004" errors="0" timestamp="2022-10-21T16:53:33 IST" skipped="0">
  <testcase classname="testNg.annotations" name="tc01" time="0.004"/>
  <system-out/>
</testsuite> <!-- testNg.annotations -->
